<?xml version="1.0" encoding="UTF-8"?>
<!-- Generated by org.testng.reporters.JUnitReportReporter -->
<testsuite skipped="0" hostname="DJBORISAVLJEVIC" name="rest.restAssuredTests.CreateNewUserTest" tests="1" failures="0" timestamp="26 Jul 2018 08:31:59 GMT" time="2.470" errors="0">
  <testcase name="CreateNewUser" time="2.470" classname="rest.restAssuredTests.CreateNewUserTest"/>
</testsuite> <!-- rest.restAssuredTests.CreateNewUserTest -->
