<?xml version="1.0" encoding="UTF-8"?>
<!-- Generated by org.testng.reporters.JUnitReportReporter -->
<testsuite skipped="0" hostname="DJBORISAVLJEVIC" name="rest.restAssuredTests.UpdateUSer" tests="1" failures="0" timestamp="25 Jul 2018 13:01:38 GMT" time="3.787" errors="0">
  <testcase name="UpdateUser" time="3.787" classname="rest.restAssuredTests.UpdateUSer"/>
</testsuite> <!-- rest.restAssuredTests.UpdateUSer -->
