<?xml version="1.0" encoding="UTF-8"?>
<!-- Generated by org.testng.reporters.JUnitReportReporter -->
<testsuite skipped="0" hostname="DJBORISAVLJEVIC" name="rest.restAssuredTests.UpdatePetTest" tests="1" failures="0" timestamp="24 Jul 2018 12:33:43 GMT" time="3.916" errors="0">
  <testcase name="PostGetUpdateGet" time="3.916" classname="rest.restAssuredTests.UpdatePetTest"/>
</testsuite> <!-- rest.restAssuredTests.UpdatePetTest -->
