<?xml version="1.0" encoding="UTF-8"?>
<!-- Generated by org.testng.reporters.JUnitReportReporter -->
<testsuite skipped="0" hostname="DJBORISAVLJEVIC" name="rest.restAssuredTests.FindPetByStatusTest" tests="1" failures="0" timestamp="25 Jul 2018 08:56:32 GMT" time="2.141" errors="0">
  <testcase name="findPetByStatus" time="2.141" classname="rest.restAssuredTests.FindPetByStatusTest"/>
</testsuite> <!-- rest.restAssuredTests.FindPetByStatusTest -->
