<?xml version="1.0" encoding="UTF-8"?>
<!-- Generated by org.testng.reporters.JUnitReportReporter -->
<testsuite skipped="0" hostname="DJBORISAVLJEVIC" name="rest.restAssuredTests.PetGetTest" tests="1" failures="0" timestamp="23 Jul 2018 12:29:20 GMT" time="1.662" errors="0">
  <testcase name="findPetById" time="1.662" classname="rest.restAssuredTests.PetGetTest"/>
</testsuite> <!-- rest.restAssuredTests.PetGetTest -->
