<?xml version="1.0" encoding="UTF-8"?>
<!-- Generated by org.testng.reporters.JUnitReportReporter -->
<testsuite skipped="0" hostname="DJBORISAVLJEVIC" name="rest.restAssuredTests.FindOrderById" tests="1" failures="0" timestamp="25 Jul 2018 11:50:39 GMT" time="2.475" errors="0">
  <testcase name="getInventory" time="2.475" classname="rest.restAssuredTests.FindOrderById"/>
</testsuite> <!-- rest.restAssuredTests.FindOrderById -->
