<?xml version="1.0" encoding="UTF-8"?>
<!-- Generated by org.testng.reporters.JUnitReportReporter -->
<testsuite skipped="0" hostname="DJBORISAVLJEVIC" name="rest.restAssuredTests.CreateNewOrderTest" tests="1" failures="0" timestamp="26 Jul 2018 08:30:19 GMT" time="2.454" errors="0">
  <testcase name="CreatingNewOrder" time="2.454" classname="rest.restAssuredTests.CreateNewOrderTest"/>
</testsuite> <!-- rest.restAssuredTests.CreateNewOrderTest -->
