<?xml version="1.0" encoding="UTF-8"?>
<!-- Generated by org.testng.reporters.JUnitReportReporter -->
<testsuite skipped="0" hostname="DJBORISAVLJEVIC" name="rest.restAssuredTests.CreateNewUserTest" tests="1" failures="0" timestamp="25 Jul 2018 12:50:54 GMT" time="2.504" errors="0">
  <testcase name="CreateNewUser" time="2.504" classname="rest.restAssuredTests.CreateNewUserTest"/>
</testsuite> <!-- rest.restAssuredTests.CreateNewUserTest -->
