<?xml version="1.0" encoding="UTF-8"?>
<!-- Generated by org.testng.reporters.JUnitReportReporter -->
<testsuite skipped="0" hostname="DJBORISAVLJEVIC" name="rest.restAssuredTests.GetUserLogin" tests="1" failures="0" timestamp="25 Jul 2018 11:52:24 GMT" time="1.548" errors="0">
  <testcase name="checkUserLogin" time="1.548" classname="rest.restAssuredTests.GetUserLogin"/>
</testsuite> <!-- rest.restAssuredTests.GetUserLogin -->
