<?xml version="1.0" encoding="UTF-8"?>
<!-- Generated by org.testng.reporters.JUnitReportReporter -->
<testsuite skipped="0" hostname="DJBORISAVLJEVIC" name="rest.restAssured.PetFindByStatus" tests="1" failures="0" timestamp="20 Jul 2018 13:06:06 GMT" time="1.680" errors="0">
  <testcase name="findPetByStatus" time="1.680" classname="rest.restAssured.PetFindByStatus"/>
</testsuite> <!-- rest.restAssured.PetFindByStatus -->
