<?xml version="1.0" encoding="UTF-8"?>
<!-- Generated by org.testng.reporters.JUnitReportReporter -->
<testsuite skipped="0" hostname="DJBORISAVLJEVIC" name="rest.restAssuredTests.DeleteOrderTest" tests="1" failures="0" timestamp="25 Jul 2018 08:26:26 GMT" time="3.995" errors="0">
  <testcase name="deleteOrder" time="3.995" classname="rest.restAssuredTests.DeleteOrderTest"/>
</testsuite> <!-- rest.restAssuredTests.DeleteOrderTest -->
