<?xml version="1.0" encoding="UTF-8"?>
<!-- Generated by org.testng.reporters.JUnitReportReporter -->
<testsuite skipped="0" hostname="DJBORISAVLJEVIC" name="rest.restAssuredTests.FindOrderById" tests="1" failures="0" timestamp="26 Jul 2018 08:41:07 GMT" time="2.585" errors="0">
  <testcase name="getInventory" time="2.585" classname="rest.restAssuredTests.FindOrderById"/>
</testsuite> <!-- rest.restAssuredTests.FindOrderById -->
