<?xml version="1.0" encoding="UTF-8"?>
<!-- Generated by org.testng.reporters.JUnitReportReporter -->
<testsuite skipped="0" hostname="DJBORISAVLJEVIC" name="rest.restAssuredTests.DeletePetTest" tests="1" failures="0" timestamp="26 Jul 2018 08:43:00 GMT" time="3.200" errors="0">
  <testcase name="DeletePetById" time="3.200" classname="rest.restAssuredTests.DeletePetTest"/>
</testsuite> <!-- rest.restAssuredTests.DeletePetTest -->
