<?xml version="1.0" encoding="UTF-8"?>
<!-- Generated by org.testng.reporters.JUnitReportReporter -->
<testsuite hostname="DJBORISAVLJEVIC" name="rest.restAssured.PetGetTest" tests="1" failures="0" timestamp="18 Jul 2018 07:00:56 GMT" time="1.404" errors="0">
  <testcase name="findPetById" time="1.404" classname="rest.restAssured.PetGetTest"/>
</testsuite> <!-- rest.restAssured.PetGetTest -->
