<?xml version="1.0" encoding="UTF-8"?>
<!-- Generated by org.testng.reporters.JUnitReportReporter -->
<testsuite hostname="DJBORISAVLJEVIC" name="rest.restAssured.GetStoreInventory" tests="1" failures="0" timestamp="18 Jul 2018 12:57:51 GMT" time="1.517" errors="0">
  <testcase name="getInventory" time="1.517" classname="rest.restAssured.GetStoreInventory"/>
</testsuite> <!-- rest.restAssured.GetStoreInventory -->
