<?xml version="1.0" encoding="UTF-8"?>
<!-- Generated by org.testng.reporters.JUnitReportReporter -->
<testsuite skipped="0" hostname="DJBORISAVLJEVIC" name="rest.restAssuredTests.UserLogOut" tests="1" failures="0" timestamp="25 Jul 2018 12:41:40 GMT" time="2.089" errors="0">
  <testcase name="checkUserLogin" time="2.089" classname="rest.restAssuredTests.UserLogOut"/>
</testsuite> <!-- rest.restAssuredTests.UserLogOut -->
