<?xml version="1.0" encoding="UTF-8"?>
<!-- Generated by org.testng.reporters.JUnitReportReporter -->
<testsuite skipped="0" hostname="DJBORISAVLJEVIC" name="rest.restAssuredTests.FullPetTest" tests="3" failures="0" timestamp="24 Jul 2018 11:07:58 GMT" time="7.816" errors="0">
  <testcase name="PostGetDeleteGet" time="3.806" classname="rest.restAssuredTests.FullPetTest"/>
  <testcase name="PostGetUpdateGet" time="2.662" classname="rest.restAssuredTests.FullPetTest"/>
  <testcase name="findPetById" time="1.348" classname="rest.restAssuredTests.FullPetTest"/>
</testsuite> <!-- rest.restAssuredTests.FullPetTest -->
