<?xml version="1.0" encoding="UTF-8"?>
<!-- Generated by org.testng.reporters.JUnitReportReporter -->
<testsuite skipped="0" hostname="DJBORISAVLJEVIC" name="rest.restAssuredTests.UpdateExistingPetTesst" tests="1" failures="0" timestamp="23 Jul 2018 12:30:50 GMT" time="1.739" errors="0">
  <testcase name="PostPetInfo" time="1.739" classname="rest.restAssuredTests.UpdateExistingPetTesst"/>
</testsuite> <!-- rest.restAssuredTests.UpdateExistingPetTesst -->
