<?xml version="1.0" encoding="UTF-8"?>
<!-- Generated by org.testng.reporters.JUnitReportReporter -->
<testsuite skipped="0" hostname="DJBORISAVLJEVIC" name="rest.restAssured.CreateNewPet" tests="1" failures="0" timestamp="20 Jul 2018 09:31:37 GMT" time="1.862" errors="0">
  <testcase name="PostPetInfo" time="1.862" classname="rest.restAssured.CreateNewPet"/>
</testsuite> <!-- rest.restAssured.CreateNewPet -->
