<?xml version="1.0" encoding="UTF-8"?>
<!-- Generated by org.testng.reporters.JUnitReportReporter -->
<testsuite hostname="DJBORISAVLJEVIC" name="rest.restAssured.FirstRestAssuredClass" tests="1" failures="0" timestamp="17 Jul 2018 13:52:25 GMT" time="1.036" errors="0">
  <testcase name="makeSureThatGoogleIsUp" time="1.036" classname="rest.restAssured.FirstRestAssuredClass"/>
</testsuite> <!-- rest.restAssured.FirstRestAssuredClass -->
