<?xml version="1.0" encoding="UTF-8"?>
<!-- Generated by org.testng.reporters.JUnitReportReporter -->
<testsuite skipped="0" hostname="DJBORISAVLJEVIC" name="rest.restAssured.GetUserLogin" tests="1" failures="0" timestamp="23 Jul 2018 06:43:02 GMT" time="1.431" errors="0">
  <testcase name="getInventory" time="1.431" classname="rest.restAssured.GetUserLogin"/>
</testsuite> <!-- rest.restAssured.GetUserLogin -->
