<?xml version="1.0" encoding="UTF-8"?>
<!-- Generated by org.testng.reporters.JUnitReportReporter -->
<testsuite skipped="0" hostname="DJBORISAVLJEVIC" name="rest.restAssuredTests.PetFindByStatusTest" tests="1" failures="0" timestamp="23 Jul 2018 12:07:48 GMT" time="1.762" errors="0">
  <testcase name="findPetByStatus" time="1.762" classname="rest.restAssuredTests.PetFindByStatusTest"/>
</testsuite> <!-- rest.restAssuredTests.PetFindByStatusTest -->
