<?xml version="1.0" encoding="UTF-8"?>
<!-- Generated by org.testng.reporters.JUnitReportReporter -->
<testsuite skipped="0" hostname="DJBORISAVLJEVIC" name="rest.restAssuredTests.GetStoreInventory" tests="1" failures="0" timestamp="23 Jul 2018 13:33:46 GMT" time="1.443" errors="0">
  <testcase name="getInventory" time="1.443" classname="rest.restAssuredTests.GetStoreInventory"/>
</testsuite> <!-- rest.restAssuredTests.GetStoreInventory -->
