<?xml version="1.0" encoding="UTF-8"?>
<!-- Generated by org.testng.reporters.JUnitReportReporter -->
<testsuite hostname="DJBORISAVLJEVIC" name="rest.restAssured.GetInventory" tests="1" failures="0" timestamp="18 Jul 2018 13:48:45 GMT" time="1.680" errors="0">
  <testcase name="getInventory" time="1.680" classname="rest.restAssured.GetInventory"/>
</testsuite> <!-- rest.restAssured.GetInventory -->
