<?xml version="1.0" encoding="UTF-8"?>
<!-- Generated by org.testng.reporters.JUnitReportReporter -->
<testsuite skipped="0" hostname="DJBORISAVLJEVIC" name="rest.restAssured.PetFindByStatusTEST" tests="1" failures="0" timestamp="23 Jul 2018 06:45:17 GMT" time="1.623" errors="0">
  <testcase name="findPetByStatus" time="1.623" classname="rest.restAssured.PetFindByStatusTEST"/>
</testsuite> <!-- rest.restAssured.PetFindByStatusTEST -->
