<?xml version="1.0" encoding="UTF-8"?>
<!-- Generated by org.testng.reporters.JUnitReportReporter -->
<testsuite skipped="0" hostname="DJBORISAVLJEVIC" name="rest.restAssuredTests.CreateNewPetTest" tests="1" failures="0" timestamp="24 Jul 2018 12:05:35 GMT" time="2.594" errors="0">
  <testcase name="PostPetInfo" time="2.594" classname="rest.restAssuredTests.CreateNewPetTest"/>
</testsuite> <!-- rest.restAssuredTests.CreateNewPetTest -->
