<?xml version="1.0" encoding="UTF-8"?>
<!-- Generated by org.testng.reporters.JUnitReportReporter -->
<testsuite skipped="0" hostname="DJBORISAVLJEVIC" name="rest.restAssuredTests.CreateNewOrder" tests="1" failures="0" timestamp="23 Jul 2018 14:25:19 GMT" time="1.800" errors="0">
  <testcase name="CreatingNewOrder" time="1.800" classname="rest.restAssuredTests.CreateNewOrder"/>
</testsuite> <!-- rest.restAssuredTests.CreateNewOrder -->
