<?xml version="1.0" encoding="UTF-8"?>
<!-- Generated by org.testng.reporters.JUnitReportReporter -->
<testsuite skipped="0" hostname="DJBORISAVLJEVIC" name="rest.restAssuredTests.GetInventory" tests="1" failures="0" timestamp="23 Jul 2018 13:32:01 GMT" time="1.527" errors="0">
  <testcase name="getInventory" time="1.527" classname="rest.restAssuredTests.GetInventory"/>
</testsuite> <!-- rest.restAssuredTests.GetInventory -->
