<?xml version="1.0" encoding="UTF-8"?>
<!-- Generated by org.testng.reporters.JUnitReportReporter -->
<testsuite skipped="0" hostname="DJBORISAVLJEVIC" name="rest.restAssuredTests.GetStoreInventoryTest" tests="1" failures="0" timestamp="25 Jul 2018 11:39:23 GMT" time="1.488" errors="0">
  <testcase name="getInventory" time="1.488" classname="rest.restAssuredTests.GetStoreInventoryTest"/>
</testsuite> <!-- rest.restAssuredTests.GetStoreInventoryTest -->
