<?xml version="1.0" encoding="UTF-8"?>
<!-- Generated by org.testng.reporters.JUnitReportReporter -->
<testsuite skipped="0" hostname="DJBORISAVLJEVIC" name="rest.restAssuredTests.FindPetByIdTest" tests="3" failures="0" timestamp="24 Jul 2018 09:44:23 GMT" time="8.044" errors="0">
  <testcase name="PostGetUpdateGet" time="2.732" classname="rest.restAssuredTests.FindPetByIdTest"/>
  <testcase name="PostGetDeleteGet" time="3.975" classname="rest.restAssuredTests.FindPetByIdTest"/>
  <testcase name="findPetById" time="1.337" classname="rest.restAssuredTests.FindPetByIdTest"/>
</testsuite> <!-- rest.restAssuredTests.FindPetByIdTest -->
