<?xml version="1.0" encoding="UTF-8"?>
<!-- Generated by org.testng.reporters.JUnitReportReporter -->
<testsuite skipped="0" hostname="DJBORISAVLJEVIC" name="rest.restAssured.UpdateExistingPet" tests="1" failures="0" timestamp="20 Jul 2018 09:19:23 GMT" time="2.019" errors="0">
  <testcase name="PostPetInfo" time="2.019" classname="rest.restAssured.UpdateExistingPet"/>
</testsuite> <!-- rest.restAssured.UpdateExistingPet -->
